Flow report for ScreamRun
Sat May 22 10:15:06 2021
Quartus Prime Version 20.1.1 Build 720 11/11/2020 SJ Lite Edition


---------------------
; Table of Contents ;
---------------------
  1. Legal Notice
  2. Flow Summary
  3. Flow Settings
  4. Flow Non-Default Global Settings
  5. Flow Elapsed Time
  6. Flow OS Summary
  7. Flow Log
  8. Flow Messages
  9. Flow Suppressed Messages



----------------
; Legal Notice ;
----------------
Copyright (C) 2020  Intel Corporation. All rights reserved.
Your use of Intel Corporation's design tools, logic functions 
and other software and tools, and any partner logic 
functions, and any output files from any of the foregoing 
(including device programming or simulation files), and any 
associated documentation or information are expressly subject 
to the terms and conditions of the Intel Program License 
Subscription Agreement, the Intel Quartus Prime License Agreement,
the Intel FPGA IP License Agreement, or other applicable license
agreement, including, without limitation, that your use is for
the sole purpose of programming logic devices manufactured by
Intel and sold by Intel or its authorized distributors.  Please
refer to the applicable agreement for further details, at
https://fpgasoftware.intel.com/eula.



+----------------------------------------------------------------------------------+
; Flow Summary                                                                     ;
+------------------------------------+---------------------------------------------+
; Flow Status                        ; Successful - Sat May 22 10:14:55 2021       ;
; Quartus Prime Version              ; 20.1.1 Build 720 11/11/2020 SJ Lite Edition ;
; Revision Name                      ; ScreamRun                                   ;
; Top-level Entity Name              ; ScreamRun                                   ;
; Family                             ; MAX 10                                      ;
; Device                             ; 10M50DAF484C7G                              ;
; Timing Models                      ; Final                                       ;
; Total logic elements               ; 1,672 / 49,760 ( 3 % )                      ;
;     Total combinational functions  ; 1,518 / 49,760 ( 3 % )                      ;
;     Dedicated logic registers      ; 644 / 49,760 ( 1 % )                        ;
; Total registers                    ; 644                                         ;
; Total pins                         ; 149 / 360 ( 41 % )                          ;
; Total virtual pins                 ; 0                                           ;
; Total memory bits                  ; 933,888 / 1,677,312 ( 56 % )                ;
; Embedded Multiplier 9-bit elements ; 0 / 288 ( 0 % )                             ;
; Total PLLs                         ; 1 / 4 ( 25 % )                              ;
; UFM blocks                         ; 0 / 1 ( 0 % )                               ;
; ADC blocks                         ; 0 / 2 ( 0 % )                               ;
+------------------------------------+---------------------------------------------+


+-----------------------------------------+
; Flow Settings                           ;
+-------------------+---------------------+
; Option            ; Setting             ;
+-------------------+---------------------+
; Start date & time ; 05/22/2021 10:13:35 ;
; Main task         ; Compilation         ;
; Revision Name     ; ScreamRun           ;
+-------------------+---------------------+


+-------------------------------------------------------------------------------------------------------------------------+
; Flow Non-Default Global Settings                                                                                        ;
+-------------------------------------+----------------------------------------+---------------+-------------+------------+
; Assignment Name                     ; Value                                  ; Default Value ; Entity Name ; Section Id ;
+-------------------------------------+----------------------------------------+---------------+-------------+------------+
; COMPILER_SIGNATURE_ID               ; 10995770589186.162167121412428         ; --            ; --          ; --         ;
; MISC_FILE                           ; PLL108MHz_inst.v                       ; --            ; --          ; --         ;
; MISC_FILE                           ; PLL108MHz_bb.v                         ; --            ; --          ; --         ;
; MISC_FILE                           ; PLL108MHz.ppf                          ; --            ; --          ; --         ;
; MISC_FILE                           ; ScreamRun_Run_inst.v                   ; --            ; --          ; --         ;
; MISC_FILE                           ; ScreamRun_Run_bb.v                     ; --            ; --          ; --         ;
; MISC_FILE                           ; ScreamRun_Jump_inst.v                  ; --            ; --          ; --         ;
; MISC_FILE                           ; ScreamRun_Jump_bb.v                    ; --            ; --          ; --         ;
; MISC_FILE                           ; Background_inst.v                      ; --            ; --          ; --         ;
; MISC_FILE                           ; Background_bb.v                        ; --            ; --          ; --         ;
; MISC_FILE                           ; Encounter1_Run_inst.v                  ; --            ; --          ; --         ;
; MISC_FILE                           ; Encounter1_Run_bb.v                    ; --            ; --          ; --         ;
; MISC_FILE                           ; FinalBoss_Ram_inst.v                   ; --            ; --          ; --         ;
; MISC_FILE                           ; FinalBoss_Ram_bb.v                     ; --            ; --          ; --         ;
; MISC_FILE                           ; scoreCounter_Ram_inst.v                ; --            ; --          ; --         ;
; MISC_FILE                           ; scoreCounter_Ram_bb.v                  ; --            ; --          ; --         ;
; OUTPUT_IO_TIMING_FAR_END_VMEAS      ; Half Signal Swing                      ; --            ; --          ; --         ;
; OUTPUT_IO_TIMING_FAR_END_VMEAS      ; Half Signal Swing                      ; --            ; --          ; --         ;
; OUTPUT_IO_TIMING_NEAR_END_VMEAS     ; Half Vccio                             ; --            ; --          ; --         ;
; OUTPUT_IO_TIMING_NEAR_END_VMEAS     ; Half Vccio                             ; --            ; --          ; --         ;
; PARTITION_COLOR                     ; -- (Not supported for targeted family) ; --            ; --          ; Top        ;
; PARTITION_FITTER_PRESERVATION_LEVEL ; -- (Not supported for targeted family) ; --            ; --          ; Top        ;
; PARTITION_NETLIST_TYPE              ; -- (Not supported for targeted family) ; --            ; --          ; Top        ;
+-------------------------------------+----------------------------------------+---------------+-------------+------------+


+--------------------------------------------------------------------------------------------------------------------------+
; Flow Elapsed Time                                                                                                        ;
+----------------------+--------------+-------------------------+---------------------+------------------------------------+
; Module Name          ; Elapsed Time ; Average Processors Used ; Peak Virtual Memory ; Total CPU Time (on all processors) ;
+----------------------+--------------+-------------------------+---------------------+------------------------------------+
; Analysis & Synthesis ; 00:00:26     ; 1.0                     ; 4767 MB             ; 00:00:49                           ;
; Fitter               ; 00:00:44     ; 1.1                     ; 5405 MB             ; 00:01:00                           ;
; Assembler            ; 00:00:06     ; 1.0                     ; 4704 MB             ; 00:00:05                           ;
; Timing Analyzer      ; 00:00:10     ; 1.3                     ; 4831 MB             ; 00:00:12                           ;
; Total                ; 00:01:26     ; --                      ; --                  ; 00:02:06                           ;
+----------------------+--------------+-------------------------+---------------------+------------------------------------+


+-------------------------------------------------------------------------------------+
; Flow OS Summary                                                                     ;
+----------------------+-------------------+------------+------------+----------------+
; Module Name          ; Machine Hostname  ; OS Name    ; OS Version ; Processor type ;
+----------------------+-------------------+------------+------------+----------------+
; Analysis & Synthesis ; Desktop-Jonas-VNH ; Windows 10 ; 10.0       ; x86_64         ;
; Fitter               ; Desktop-Jonas-VNH ; Windows 10 ; 10.0       ; x86_64         ;
; Assembler            ; Desktop-Jonas-VNH ; Windows 10 ; 10.0       ; x86_64         ;
; Timing Analyzer      ; Desktop-Jonas-VNH ; Windows 10 ; 10.0       ; x86_64         ;
+----------------------+-------------------+------------+------------+----------------+


------------
; Flow Log ;
------------
quartus_map --read_settings_files=on --write_settings_files=off ScreamRun -c ScreamRun
quartus_fit --read_settings_files=off --write_settings_files=off ScreamRun -c ScreamRun
quartus_asm --read_settings_files=off --write_settings_files=off ScreamRun -c ScreamRun
quartus_sta ScreamRun -c ScreamRun



