Flow report for ScreamRun
Mon May 03 10:28:58 2021
Quartus Prime Version 16.1.0 Build 196 10/24/2016 SJ Lite Edition


---------------------
; Table of Contents ;
---------------------
  1. Legal Notice
  2. Flow Summary
  3. Flow Settings
  4. Flow Non-Default Global Settings
  5. Flow Elapsed Time
  6. Flow OS Summary
  7. Flow Log
  8. Flow Messages
  9. Flow Suppressed Messages



----------------
; Legal Notice ;
----------------
Copyright (C) 2016  Intel Corporation. All rights reserved.
Your use of Intel Corporation's design tools, logic functions 
and other software and tools, and its AMPP partner logic 
functions, and any output files from any of the foregoing 
(including device programming or simulation files), and any 
associated documentation or information are expressly subject 
to the terms and conditions of the Intel Program License 
Subscription Agreement, the Intel Quartus Prime License Agreement,
the Intel MegaCore Function License Agreement, or other 
applicable license agreement, including, without limitation, 
that your use is for the sole purpose of programming logic 
devices manufactured by Intel and sold by Intel or its 
authorized distributors.  Please refer to the applicable 
agreement for further details.



+-------------------------------------------------------------------------------+
; Flow Summary                                                                  ;
+---------------------------------+---------------------------------------------+
; Flow Status                     ; Successful - Mon May 03 10:28:42 2021       ;
; Quartus Prime Version           ; 16.1.0 Build 196 10/24/2016 SJ Lite Edition ;
; Revision Name                   ; ScreamRun                                   ;
; Top-level Entity Name           ; ScreamRun                                   ;
; Family                          ; Cyclone V                                   ;
; Device                          ; 5CSEMA5F31C6                                ;
; Timing Models                   ; Final                                       ;
; Logic utilization (in ALMs)     ; 201 / 32,070 ( < 1 % )                      ;
; Total registers                 ; 174                                         ;
; Total pins                      ; 107 / 457 ( 23 % )                          ;
; Total virtual pins              ; 0                                           ;
; Total block memory bits         ; 172,032 / 4,065,280 ( 4 % )                 ;
; Total DSP Blocks                ; 0 / 87 ( 0 % )                              ;
; Total HSSI RX PCSs              ; 0                                           ;
; Total HSSI PMA RX Deserializers ; 0                                           ;
; Total HSSI TX PCSs              ; 0                                           ;
; Total HSSI PMA TX Serializers   ; 0                                           ;
; Total PLLs                      ; 1 / 6 ( 17 % )                              ;
; Total DLLs                      ; 0 / 4 ( 0 % )                               ;
+---------------------------------+---------------------------------------------+


+-----------------------------------------+
; Flow Settings                           ;
+-------------------+---------------------+
; Option            ; Setting             ;
+-------------------+---------------------+
; Start date & time ; 05/03/2021 10:26:02 ;
; Main task         ; Compilation         ;
; Revision Name     ; ScreamRun           ;
+-------------------+---------------------+


+-------------------------------------------------------------------------------------------------------------------------+
; Flow Non-Default Global Settings                                                                                        ;
+-------------------------------------+----------------------------------------+---------------+-------------+------------+
; Assignment Name                     ; Value                                  ; Default Value ; Entity Name ; Section Id ;
+-------------------------------------+----------------------------------------+---------------+-------------+------------+
; COMPILER_SIGNATURE_ID               ; 186421822047.162003036122848           ; --            ; --          ; --         ;
; MISC_FILE                           ; PLL108MHz.cmp                          ; --            ; --          ; --         ;
; MISC_FILE                           ; PLL108MHz_sim/PLL108MHz.vo             ; --            ; --          ; --         ;
; MISC_FILE                           ; ScreamRun_Run_inst.v                   ; --            ; --          ; --         ;
; MISC_FILE                           ; ScreamRun_Run_bb.v                     ; --            ; --          ; --         ;
; MISC_FILE                           ; ScreamRun_Jump_inst.v                  ; --            ; --          ; --         ;
; MISC_FILE                           ; ScreamRun_Jump_bb.v                    ; --            ; --          ; --         ;
; PARTITION_COLOR                     ; -- (Not supported for targeted family) ; --            ; --          ; Top        ;
; PARTITION_FITTER_PRESERVATION_LEVEL ; -- (Not supported for targeted family) ; --            ; --          ; Top        ;
; PARTITION_NETLIST_TYPE              ; -- (Not supported for targeted family) ; --            ; --          ; Top        ;
; SPD_FILE                            ; PLL108MHz.spd                          ; --            ; --          ; --         ;
; SYNTHESIS_ONLY_QIP                  ; On                                     ; --            ; --          ; --         ;
+-------------------------------------+----------------------------------------+---------------+-------------+------------+


+-------------------------------------------------------------------------------------------------------------------------------+
; Flow Elapsed Time                                                                                                             ;
+---------------------------+--------------+-------------------------+---------------------+------------------------------------+
; Module Name               ; Elapsed Time ; Average Processors Used ; Peak Virtual Memory ; Total CPU Time (on all processors) ;
+---------------------------+--------------+-------------------------+---------------------+------------------------------------+
; Analysis & Synthesis      ; 00:00:49     ; 1.0                     ; 4869 MB             ; 00:01:32                           ;
; Fitter                    ; 00:01:38     ; 1.0                     ; 6997 MB             ; 00:02:48                           ;
; Assembler                 ; 00:00:09     ; 1.0                     ; 4838 MB             ; 00:00:09                           ;
; TimeQuest Timing Analyzer ; 00:00:15     ; 1.2                     ; 5309 MB             ; 00:00:16                           ;
; Total                     ; 00:02:51     ; --                      ; --                  ; 00:04:45                           ;
+---------------------------+--------------+-------------------------+---------------------+------------------------------------+


+-----------------------------------------------------------------------------------------+
; Flow OS Summary                                                                         ;
+---------------------------+------------------+------------+------------+----------------+
; Module Name               ; Machine Hostname ; OS Name    ; OS Version ; Processor type ;
+---------------------------+------------------+------------+------------+----------------+
; Analysis & Synthesis      ; LAPTOP-EDDAKNA7  ; Windows 10 ; 10.0       ; x86_64         ;
; Fitter                    ; LAPTOP-EDDAKNA7  ; Windows 10 ; 10.0       ; x86_64         ;
; Assembler                 ; LAPTOP-EDDAKNA7  ; Windows 10 ; 10.0       ; x86_64         ;
; TimeQuest Timing Analyzer ; LAPTOP-EDDAKNA7  ; Windows 10 ; 10.0       ; x86_64         ;
+---------------------------+------------------+------------+------------+----------------+


------------
; Flow Log ;
------------
quartus_map --read_settings_files=on --write_settings_files=off ScreamRun -c ScreamRun
quartus_fit --read_settings_files=off --write_settings_files=off ScreamRun -c ScreamRun
quartus_asm --read_settings_files=off --write_settings_files=off ScreamRun -c ScreamRun
quartus_sta ScreamRun -c ScreamRun



